<?xml version="1.0" encoding="UTF-8"?>
<!-- Generated by org.testng.reporters.JUnitXMLReporter -->
<testsuite ignored="0" hostname="DESKTOP-76BH6QQ" failures="1" tests="3" name="Error Validations Test" time="40.627" errors="0" timestamp="2025-06-02T01:00:01 IST">
  <testcase classname="Saswatautomation.Tests.ErrorValidationsTest" name="loginPageErrorValidation" time="1.5">
    <skipped/>
  </testcase> <!-- loginPageErrorValidation -->
  <testcase classname="Saswatautomation.Tests.ErrorValidationsTest" name="loginPageErrorValidation" time="5.546">
    <failure type="java.lang.AssertionError" message="expected [Incorrect email or password.] but found [Incorrect email password.]">
      <![CDATA[java.lang.AssertionError: expected [Incorrect email or password.] but found [Incorrect email password.]
at Saswatautomation.Tests.ErrorValidationsTest.loginPageErrorValidation(ErrorValidationsTest.java:19)
at java.base/java.util.ArrayList.forEach(ArrayList.java:1596)
at java.base/java.util.concurrent.FutureTask.run(FutureTask.java:317)
at java.base/java.util.concurrent.ThreadPoolExecutor.runWorker(ThreadPoolExecutor.java:1144)
at java.base/java.util.concurrent.ThreadPoolExecutor$Worker.run(ThreadPoolExecutor.java:642)
at java.base/java.lang.Thread.run(Thread.java:1583)
... Removed 21 stack frames]]>
    </failure>
  </testcase> <!-- loginPageErrorValidation -->
  <testcase classname="Saswatautomation.Tests.ErrorValidationsTest" name="productPageErrorValidation" time="6.973"/>
</testsuite> <!-- Error Validations Test -->
